{"C:\\Users\\LAURAPOP KONWEA\\To-do-list\\src\\test\\todotest.js": {"path":"C:\\Users\\LAURAPOP KONWEA\\To-do-list\\src\\test\\todotest.js","statementMap":{"0":{"start":{"line":1,"column":19},"end":{"line":1,"column":57}},"1":{"start":{"line":2,"column":14},"end":{"line":2,"column":49}},"2":{"start":{"line":3,"column":17},"end":{"line":3,"column":52}},"3":{"start":{"line":7,"column":4},"end":{"line":7,"column":67}},"4":{"start":{"line":11,"column":20},"end":{"line":15,"column":5}},"5":{"start":{"line":16,"column":4},"end":{"line":16,"column":32}},"6":{"start":{"line":17,"column":4},"end":{"line":17,"column":64}},"7":{"start":{"line":18,"column":4},"end":{"line":18,"column":19}},"8":{"start":{"line":22,"column":24},"end":{"line":22,"column":52}},"9":{"start":{"line":23,"column":4},"end":{"line":31,"column":6}},"10":{"start":{"line":33,"column":21},"end":{"line":33,"column":52}},"11":{"start":{"line":34,"column":4},"end":{"line":34,"column":31}},"12":{"start":{"line":35,"column":4},"end":{"line":35,"column":39}},"13":{"start":{"line":37,"column":28},"end":{"line":37,"column":55}},"14":{"start":{"line":38,"column":4},"end":{"line":44,"column":6}},"15":{"start":{"line":45,"column":4},"end":{"line":45,"column":48}},"16":{"start":{"line":46,"column":4},"end":{"line":52,"column":5}},"17":{"start":{"line":47,"column":6},"end":{"line":47,"column":30}},"18":{"start":{"line":48,"column":6},"end":{"line":48,"column":68}},"19":{"start":{"line":50,"column":6},"end":{"line":50,"column":31}},"20":{"start":{"line":51,"column":6},"end":{"line":51,"column":60}},"21":{"start":{"line":74,"column":4},"end":{"line":76,"column":7}},"22":{"start":{"line":75,"column":6},"end":{"line":75,"column":39}},"23":{"start":{"line":104,"column":4},"end":{"line":114,"column":7}},"24":{"start":{"line":105,"column":6},"end":{"line":105,"column":50}},"25":{"start":{"line":106,"column":6},"end":{"line":106,"column":37}},"26":{"start":{"line":107,"column":6},"end":{"line":111,"column":9}},"27":{"start":{"line":108,"column":8},"end":{"line":110,"column":9}},"28":{"start":{"line":109,"column":10},"end":{"line":109,"column":26}},"29":{"start":{"line":112,"column":6},"end":{"line":112,"column":66}},"30":{"start":{"line":113,"column":6},"end":{"line":113,"column":31}},"31":{"start":{"line":118,"column":4},"end":{"line":118,"column":35}},"32":{"start":{"line":119,"column":6},"end":{"line":123,"column":9}},"33":{"start":{"line":120,"column":8},"end":{"line":122,"column":9}},"34":{"start":{"line":121,"column":10},"end":{"line":121,"column":26}},"35":{"start":{"line":124,"column":6},"end":{"line":124,"column":66}},"36":{"start":{"line":129,"column":4},"end":{"line":138,"column":7}},"37":{"start":{"line":130,"column":6},"end":{"line":130,"column":77}},"38":{"start":{"line":130,"column":52},"end":{"line":130,"column":74}},"39":{"start":{"line":131,"column":6},"end":{"line":135,"column":9}},"40":{"start":{"line":132,"column":8},"end":{"line":134,"column":9}},"41":{"start":{"line":133,"column":10},"end":{"line":133,"column":31}},"42":{"start":{"line":136,"column":6},"end":{"line":136,"column":66}},"43":{"start":{"line":137,"column":6},"end":{"line":137,"column":31}},"44":{"start":{"line":142,"column":20},"end":{"line":142,"column":39}},"45":{"start":{"line":147,"column":2},"end":{"line":147,"column":25}},"46":{"start":{"line":148,"column":2},"end":{"line":156,"column":5}},"47":{"start":{"line":149,"column":4},"end":{"line":155,"column":5}},"48":{"start":{"line":150,"column":27},"end":{"line":150,"column":59}},"49":{"start":{"line":151,"column":6},"end":{"line":151,"column":46}},"50":{"start":{"line":152,"column":6},"end":{"line":152,"column":23}},"51":{"start":{"line":153,"column":6},"end":{"line":153,"column":25}},"52":{"start":{"line":154,"column":6},"end":{"line":154,"column":31}},"53":{"start":{"line":158,"column":15},"end":{"line":158,"column":49}},"54":{"start":{"line":160,"column":2},"end":{"line":166,"column":5}},"55":{"start":{"line":161,"column":4},"end":{"line":165,"column":7}},"56":{"start":{"line":162,"column":6},"end":{"line":162,"column":34}},"57":{"start":{"line":163,"column":6},"end":{"line":163,"column":56}},"58":{"start":{"line":164,"column":6},"end":{"line":164,"column":68}},"59":{"start":{"line":168,"column":19},"end":{"line":168,"column":57}},"60":{"start":{"line":170,"column":2},"end":{"line":172,"column":5}},"61":{"start":{"line":171,"column":4},"end":{"line":171,"column":47}},"62":{"start":{"line":174,"column":2},"end":{"line":174,"column":31}},"63":{"start":{"line":176,"column":0},"end":{"line":176,"column":30}}},"fnMap":{"0":{"name":"(anonymous_0)","decl":{"start":{"line":6,"column":2},"end":{"line":6,"column":3}},"loc":{"start":{"line":6,"column":16},"end":{"line":8,"column":3}},"line":6},"1":{"name":"(anonymous_1)","decl":{"start":{"line":10,"column":2},"end":{"line":10,"column":3}},"loc":{"start":{"line":10,"column":18},"end":{"line":19,"column":3}},"line":10},"2":{"name":"(anonymous_2)","decl":{"start":{"line":21,"column":2},"end":{"line":21,"column":3}},"loc":{"start":{"line":21,"column":26},"end":{"line":69,"column":3}},"line":21},"3":{"name":"(anonymous_3)","decl":{"start":{"line":73,"column":2},"end":{"line":73,"column":3}},"loc":{"start":{"line":73,"column":13},"end":{"line":77,"column":3}},"line":73},"4":{"name":"(anonymous_4)","decl":{"start":{"line":74,"column":26},"end":{"line":74,"column":27}},"loc":{"start":{"line":74,"column":37},"end":{"line":76,"column":5}},"line":74},"5":{"name":"(anonymous_5)","decl":{"start":{"line":103,"column":2},"end":{"line":103,"column":3}},"loc":{"start":{"line":103,"column":35},"end":{"line":115,"column":3}},"line":103},"6":{"name":"(anonymous_6)","decl":{"start":{"line":104,"column":36},"end":{"line":104,"column":37}},"loc":{"start":{"line":104,"column":42},"end":{"line":114,"column":5}},"line":104},"7":{"name":"(anonymous_7)","decl":{"start":{"line":107,"column":28},"end":{"line":107,"column":29}},"loc":{"start":{"line":107,"column":38},"end":{"line":111,"column":7}},"line":107},"8":{"name":"(anonymous_8)","decl":{"start":{"line":117,"column":2},"end":{"line":117,"column":3}},"loc":{"start":{"line":117,"column":19},"end":{"line":125,"column":3}},"line":117},"9":{"name":"(anonymous_9)","decl":{"start":{"line":119,"column":28},"end":{"line":119,"column":29}},"loc":{"start":{"line":119,"column":38},"end":{"line":123,"column":7}},"line":119},"10":{"name":"(anonymous_10)","decl":{"start":{"line":128,"column":2},"end":{"line":128,"column":3}},"loc":{"start":{"line":128,"column":12},"end":{"line":139,"column":3}},"line":128},"11":{"name":"(anonymous_11)","decl":{"start":{"line":129,"column":33},"end":{"line":129,"column":34}},"loc":{"start":{"line":129,"column":40},"end":{"line":138,"column":5}},"line":129},"12":{"name":"(anonymous_12)","decl":{"start":{"line":130,"column":43},"end":{"line":130,"column":44}},"loc":{"start":{"line":130,"column":52},"end":{"line":130,"column":74}},"line":130},"13":{"name":"(anonymous_13)","decl":{"start":{"line":131,"column":28},"end":{"line":131,"column":29}},"loc":{"start":{"line":131,"column":46},"end":{"line":135,"column":7}},"line":131},"14":{"name":"runfunction","decl":{"start":{"line":146,"column":9},"end":{"line":146,"column":20}},"loc":{"start":{"line":146,"column":23},"end":{"line":175,"column":1}},"line":146},"15":{"name":"(anonymous_15)","decl":{"start":{"line":148,"column":37},"end":{"line":148,"column":38}},"loc":{"start":{"line":148,"column":44},"end":{"line":156,"column":3}},"line":148},"16":{"name":"(anonymous_16)","decl":{"start":{"line":160,"column":15},"end":{"line":160,"column":16}},"loc":{"start":{"line":160,"column":31},"end":{"line":166,"column":3}},"line":160},"17":{"name":"(anonymous_17)","decl":{"start":{"line":161,"column":34},"end":{"line":161,"column":35}},"loc":{"start":{"line":161,"column":40},"end":{"line":165,"column":5}},"line":161},"18":{"name":"(anonymous_18)","decl":{"start":{"line":170,"column":19},"end":{"line":170,"column":20}},"loc":{"start":{"line":170,"column":37},"end":{"line":172,"column":3}},"line":170}},"branchMap":{"0":{"loc":{"start":{"line":7,"column":20},"end":{"line":7,"column":66}},"type":"binary-expr","locations":[{"start":{"line":7,"column":20},"end":{"line":7,"column":60}},{"start":{"line":7,"column":64},"end":{"line":7,"column":66}}],"line":7},"1":{"loc":{"start":{"line":46,"column":4},"end":{"line":52,"column":5}},"type":"if","locations":[{"start":{"line":46,"column":4},"end":{"line":52,"column":5}},{"start":{"line":49,"column":11},"end":{"line":52,"column":5}}],"line":46},"2":{"loc":{"start":{"line":108,"column":8},"end":{"line":110,"column":9}},"type":"if","locations":[{"start":{"line":108,"column":8},"end":{"line":110,"column":9}},{"start":{},"end":{}}],"line":108},"3":{"loc":{"start":{"line":120,"column":8},"end":{"line":122,"column":9}},"type":"if","locations":[{"start":{"line":120,"column":8},"end":{"line":122,"column":9}},{"start":{},"end":{}}],"line":120},"4":{"loc":{"start":{"line":132,"column":8},"end":{"line":134,"column":9}},"type":"if","locations":[{"start":{"line":132,"column":8},"end":{"line":134,"column":9}},{"start":{},"end":{}}],"line":132},"5":{"loc":{"start":{"line":149,"column":4},"end":{"line":155,"column":5}},"type":"if","locations":[{"start":{"line":149,"column":4},"end":{"line":155,"column":5}},{"start":{},"end":{}}],"line":149},"6":{"loc":{"start":{"line":149,"column":8},"end":{"line":149,"column":40}},"type":"binary-expr","locations":[{"start":{"line":149,"column":8},"end":{"line":149,"column":19}},{"start":{"line":149,"column":23},"end":{"line":149,"column":40}}],"line":149}},"s":{"0":1,"1":1,"2":1,"3":2,"4":2,"5":2,"6":2,"7":2,"8":0,"9":0,"10":0,"11":0,"12":0,"13":0,"14":0,"15":0,"16":0,"17":0,"18":0,"19":0,"20":0,"21":0,"22":0,"23":0,"24":0,"25":0,"26":0,"27":0,"28":0,"29":0,"30":0,"31":2,"32":2,"33":1,"34":1,"35":2,"36":0,"37":0,"38":0,"39":0,"40":0,"41":0,"42":0,"43":0,"44":1,"45":0,"46":0,"47":0,"48":0,"49":0,"50":0,"51":0,"52":0,"53":0,"54":0,"55":0,"56":0,"57":0,"58":0,"59":0,"60":0,"61":0,"62":0,"63":1},"f":{"0":2,"1":2,"2":0,"3":0,"4":0,"5":0,"6":0,"7":0,"8":2,"9":1,"10":0,"11":0,"12":0,"13":0,"14":0,"15":0,"16":0,"17":0,"18":0},"b":{"0":[2,2],"1":[0,0],"2":[0,0],"3":[1,0],"4":[0,0],"5":[0,0],"6":[0,0]},"_coverageSchema":"1a1c01bbd47fc00a2c39e90264f33305004495a9","hash":"69318dbdfdc9dba5a24c8be288eaa64b2069c255"}
}
