TN:
SF:src\test\todotest.js
FN:6,(anonymous_0)
FN:10,(anonymous_1)
FN:21,(anonymous_2)
FN:73,(anonymous_3)
FN:74,(anonymous_4)
FN:103,(anonymous_5)
FN:104,(anonymous_6)
FN:107,(anonymous_7)
FN:117,(anonymous_8)
FN:119,(anonymous_9)
FN:128,(anonymous_10)
FN:129,(anonymous_11)
FN:130,(anonymous_12)
FN:131,(anonymous_13)
FN:146,runfunction
FN:148,(anonymous_15)
FN:160,(anonymous_16)
FN:161,(anonymous_17)
FN:170,(anonymous_18)
FNF:19
FNH:4
FNDA:2,(anonymous_0)
FNDA:2,(anonymous_1)
FNDA:0,(anonymous_2)
FNDA:0,(anonymous_3)
FNDA:0,(anonymous_4)
FNDA:0,(anonymous_5)
FNDA:0,(anonymous_6)
FNDA:0,(anonymous_7)
FNDA:2,(anonymous_8)
FNDA:1,(anonymous_9)
FNDA:0,(anonymous_10)
FNDA:0,(anonymous_11)
FNDA:0,(anonymous_12)
FNDA:0,(anonymous_13)
FNDA:0,runfunction
FNDA:0,(anonymous_15)
FNDA:0,(anonymous_16)
FNDA:0,(anonymous_17)
FNDA:0,(anonymous_18)
DA:1,1
DA:2,1
DA:3,1
DA:7,2
DA:11,2
DA:16,2
DA:17,2
DA:18,2
DA:22,0
DA:23,0
DA:33,0
DA:34,0
DA:35,0
DA:37,0
DA:38,0
DA:45,0
DA:46,0
DA:47,0
DA:48,0
DA:50,0
DA:51,0
DA:74,0
DA:75,0
DA:104,0
DA:105,0
DA:106,0
DA:107,0
DA:108,0
DA:109,0
DA:112,0
DA:113,0
DA:118,2
DA:119,2
DA:120,1
DA:121,1
DA:124,2
DA:129,0
DA:130,0
DA:131,0
DA:132,0
DA:133,0
DA:136,0
DA:137,0
DA:142,1
DA:147,0
DA:148,0
DA:149,0
DA:150,0
DA:151,0
DA:152,0
DA:153,0
DA:154,0
DA:158,0
DA:160,0
DA:161,0
DA:162,0
DA:163,0
DA:164,0
DA:168,0
DA:170,0
DA:171,0
DA:174,0
DA:176,1
LF:63
LH:15
BRDA:7,0,0,2
BRDA:7,0,1,2
BRDA:46,1,0,0
BRDA:46,1,1,0
BRDA:108,2,0,0
BRDA:108,2,1,0
BRDA:120,3,0,1
BRDA:120,3,1,0
BRDA:132,4,0,0
BRDA:132,4,1,0
BRDA:149,5,0,0
BRDA:149,5,1,0
BRDA:149,6,0,0
BRDA:149,6,1,0
BRF:14
BRH:3
end_of_record
